  Application.cpp
  Camera.cpp
  Gizmos.cpp
  main.cpp
  ParticleEmitter.cpp
  ParticleFluidEmitter.cpp
  Physics.cpp
Physics.cpp(270): warning C4244: 'argument': conversion from 'int' to 'physx::PxReal', possible loss of data
  Renderer.cpp
  gl_core_4_4.c
PhysX3Extensions.lib(ExtDefaultErrorCallback.obj) : error LNK2038: mismatch detected for 'RuntimeLibrary': value 'MT_StaticRelease' doesn't match value 'MD_DynamicRelease' in Application.obj
PhysX3Extensions.lib(ExtDefaultSimulationFilterShader.obj) : error LNK2038: mismatch detected for 'RuntimeLibrary': value 'MT_StaticRelease' doesn't match value 'MD_DynamicRelease' in Application.obj
PhysX3Extensions.lib(ExtExtensions.obj) : error LNK2038: mismatch detected for 'RuntimeLibrary': value 'MT_StaticRelease' doesn't match value 'MD_DynamicRelease' in Application.obj
PhysX3Extensions.lib(ExtDefaultCpuDispatcher.obj) : error LNK2038: mismatch detected for 'RuntimeLibrary': value 'MT_StaticRelease' doesn't match value 'MD_DynamicRelease' in Application.obj
PhysX3Extensions.lib(ExtSimpleFactory.obj) : error LNK2038: mismatch detected for 'RuntimeLibrary': value 'MT_StaticRelease' doesn't match value 'MD_DynamicRelease' in Application.obj
PhysX3Extensions.lib(ExtDistanceJoint.obj) : error LNK2038: mismatch detected for 'RuntimeLibrary': value 'MT_StaticRelease' doesn't match value 'MD_DynamicRelease' in Application.obj
PhysX3Extensions.lib(ExtD6Joint.obj) : error LNK2038: mismatch detected for 'RuntimeLibrary': value 'MT_StaticRelease' doesn't match value 'MD_DynamicRelease' in Application.obj
PhysX3Extensions.lib(ExtFixedJoint.obj) : error LNK2038: mismatch detected for 'RuntimeLibrary': value 'MT_StaticRelease' doesn't match value 'MD_DynamicRelease' in Application.obj
PhysX3Extensions.lib(ExtPrismaticJoint.obj) : error LNK2038: mismatch detected for 'RuntimeLibrary': value 'MT_StaticRelease' doesn't match value 'MD_DynamicRelease' in Application.obj
PhysX3Extensions.lib(ExtRevoluteJoint.obj) : error LNK2038: mismatch detected for 'RuntimeLibrary': value 'MT_StaticRelease' doesn't match value 'MD_DynamicRelease' in Application.obj
PhysX3Extensions.lib(ExtSphericalJoint.obj) : error LNK2038: mismatch detected for 'RuntimeLibrary': value 'MT_StaticRelease' doesn't match value 'MD_DynamicRelease' in Application.obj
PhysX3Extensions.lib(SnRepXCoreSerializer.obj) : error LNK2038: mismatch detected for 'RuntimeLibrary': value 'MT_StaticRelease' doesn't match value 'MD_DynamicRelease' in Application.obj
PhysX3Extensions.lib(SnJointRepXSerializer.obj) : error LNK2038: mismatch detected for 'RuntimeLibrary': value 'MT_StaticRelease' doesn't match value 'MD_DynamicRelease' in Application.obj
PhysX3Extensions.lib(ExtCpuWorkerThread.obj) : error LNK2038: mismatch detected for 'RuntimeLibrary': value 'MT_StaticRelease' doesn't match value 'MD_DynamicRelease' in Application.obj
PhysX3Extensions.lib(ExtRigidBodyExt.obj) : error LNK2038: mismatch detected for 'RuntimeLibrary': value 'MT_StaticRelease' doesn't match value 'MD_DynamicRelease' in Application.obj
PhysX3Extensions.lib(ExtDistanceJointSolverPrep.obj) : error LNK2038: mismatch detected for 'RuntimeLibrary': value 'MT_StaticRelease' doesn't match value 'MD_DynamicRelease' in Application.obj
PhysX3Extensions.lib(ExtJoint.obj) : error LNK2038: mismatch detected for 'RuntimeLibrary': value 'MT_StaticRelease' doesn't match value 'MD_DynamicRelease' in Application.obj
PhysX3Extensions.lib(ExtD6JointSolverPrep.obj) : error LNK2038: mismatch detected for 'RuntimeLibrary': value 'MT_StaticRelease' doesn't match value 'MD_DynamicRelease' in Application.obj
PhysX3Extensions.lib(ExtFixedJointSolverPrep.obj) : error LNK2038: mismatch detected for 'RuntimeLibrary': value 'MT_StaticRelease' doesn't match value 'MD_DynamicRelease' in Application.obj
PhysX3Extensions.lib(ExtPrismaticJointSolverPrep.obj) : error LNK2038: mismatch detected for 'RuntimeLibrary': value 'MT_StaticRelease' doesn't match value 'MD_DynamicRelease' in Application.obj
PhysX3Extensions.lib(ExtRevoluteJointSolverPrep.obj) : error LNK2038: mismatch detected for 'RuntimeLibrary': value 'MT_StaticRelease' doesn't match value 'MD_DynamicRelease' in Application.obj
PhysX3Extensions.lib(ExtSphericalJointSolverPrep.obj) : error LNK2038: mismatch detected for 'RuntimeLibrary': value 'MT_StaticRelease' doesn't match value 'MD_DynamicRelease' in Application.obj
LINK : warning LNK4098: defaultlib 'LIBCMT' conflicts with use of other libs; use /NODEFAULTLIB:library
C:\Users\roy.kirk\Documents\AIEWork\PhysicsForGamesvs2015_Start\Release\PhysicsForGames.exe : fatal error LNK1319: 22 mismatches detected
